2017-11-14 12:16:22,024 [1] INFO  - 开始更新客户端数据
2017-11-14 12:16:22,046 [1] INFO  - 开始同步tb_config数据
2017-11-14 12:16:22,048 [1] INFO  - 开始获取服务器tb_config数据
2017-11-14 12:16:22,236 [1] INFO  - 获取tb_config服务器数据4条
2017-11-14 12:16:22,340 [1] INFO  - 同步tb_config数据0条
2017-11-14 12:16:22,341 [1] INFO  - 开始同步tb_office数据
2017-11-14 12:16:22,342 [1] INFO  - 开始获取服务器tb_office数据
2017-11-14 12:16:22,348 [1] INFO  - 获取tb_office服务器数据8条
2017-11-14 12:16:22,422 [1] INFO  - 同步tb_office数据0条
2017-11-14 12:16:22,424 [1] INFO  - 开始同步tb_user数据
2017-11-14 12:16:22,425 [1] INFO  - 开始获取服务器tb_user数据
2017-11-14 12:16:22,428 [1] INFO  - 获取tb_user服务器数据13条
2017-11-14 12:16:22,614 [1] INFO  - 同步tb_user数据3条
2017-11-14 12:16:22,614 [1] INFO  - 成功更新客户端数据
2017-11-14 12:16:42,504 [1] INFO  - 开始更新客户端数据
2017-11-14 12:16:42,529 [1] INFO  - 开始同步tb_config数据
2017-11-14 12:16:42,532 [1] INFO  - 开始获取服务器tb_config数据
2017-11-14 12:16:42,748 [1] INFO  - 获取tb_config服务器数据4条
2017-11-14 12:16:42,854 [1] INFO  - 同步tb_config数据0条
2017-11-14 12:16:42,856 [1] INFO  - 开始同步tb_office数据
2017-11-14 12:16:42,857 [1] INFO  - 开始获取服务器tb_office数据
2017-11-14 12:16:42,861 [1] INFO  - 获取tb_office服务器数据8条
2017-11-14 12:16:42,977 [1] INFO  - 同步tb_office数据0条
2017-11-14 12:16:42,979 [1] INFO  - 开始同步tb_user数据
2017-11-14 12:16:42,982 [1] INFO  - 开始获取服务器tb_user数据
2017-11-14 12:16:42,986 [1] INFO  - 获取tb_user服务器数据13条
2017-11-14 12:16:43,223 [1] INFO  - 同步tb_user数据0条
2017-11-14 12:16:43,223 [1] INFO  - 成功更新客户端数据
2017-11-14 12:16:54,468 [1] INFO  - 开始上传tb_studentexam数据
2017-11-14 12:16:54,468 [1] INFO  - 开始获取客户端tb_studentexam数据
2017-11-14 12:16:54,507 [1] INFO  - 成功获取客户端tb_studentexam数据0条
2017-11-14 12:16:54,559 [1] INFO  - 开始更新服务器tb_studentexam数据
2017-11-14 12:16:59,368 [1] INFO  - 成功更新服务器tb_studentexam数据0条。
2017-11-14 12:16:59,368 [1] INFO  - 成功上传tb_studentexam数据0条
2017-11-14 12:16:59,370 [1] INFO  - 开始下载tb_studentexam数据
2017-11-14 12:16:59,371 [1] INFO  - 开始获取服务器tb_studentexam数据
2017-11-14 12:17:01,971 [1] INFO  - 获取tb_studentexam服务器数据26734条
2017-11-14 12:18:33,956 [1] INFO  - 成功下载tb_studentexam数据26734条
2017-11-14 12:41:12,918 [1] INFO  - 开始上传tb_studentexam数据
2017-11-14 12:41:12,919 [1] INFO  - 开始获取客户端tb_studentexam数据
2017-11-14 12:41:13,000 [1] INFO  - 成功获取客户端tb_studentexam数据4条
2017-11-14 12:41:20,047 [1] INFO  - 开始更新服务器tb_studentexam数据
2017-11-14 12:41:25,451 [1] INFO  - 成功更新服务器tb_studentexam数据0条。
2017-11-14 12:41:25,451 [1] INFO  - 成功上传tb_studentexam数据0条
2017-11-14 12:41:25,451 [1] INFO  - 开始下载tb_studentexam数据
2017-11-14 12:41:25,451 [1] INFO  - 开始获取服务器tb_studentexam数据
2017-11-14 12:41:29,005 [1] INFO  - 获取tb_studentexam服务器数据26734条
2017-11-14 12:41:58,789 [1] INFO  - 成功下载tb_studentexam数据26723条
2017-11-27 21:10:33,031 [1] INFO  - 开始更新客户端数据
2017-11-27 21:10:33,106 [1] INFO  - 开始同步tb_config数据
2017-11-27 21:10:33,118 [1] INFO  - 开始获取服务器tb_config数据
2017-11-27 21:10:34,335 [1] ERROR - 更新数据失败
MySql.Data.MySqlClient.MySqlException: Unable to connect to any of the specified MySQL hosts. ---> System.Exception: 引发类型为“System.Exception”的异常。
   在 MySql.Data.MySqlClient.NativeDriver.Open()
   --- 内部异常堆栈跟踪的结尾 ---
   在 Com.cn.DB.DBMySql.Query(String sql, DataTable table) 位置 D:\BaiduNetdiskDownload\HRTJ\HRTJ\DB\DBMySql.cs:行号 50
   在 Com.cn.MySqlData.DealMySql.GetConfigData() 位置 D:\BaiduNetdiskDownload\HRTJ\HRTJ\Com.cn.MySqlData\DealMySql.cs:行号 32
   在 Com.cn.SncData.SncData.SncDataConfig() 位置 D:\BaiduNetdiskDownload\HRTJ\HRTJ\SncHRWJData\SncData.cs:行号 319
   在 Com.cn.SncData.SncData.SncUserClientData() 位置 D:\BaiduNetdiskDownload\HRTJ\HRTJ\SncHRWJData\SncData.cs:行号 39
2017-11-27 21:10:42,330 [1] INFO  - 开始上传tb_studentexam数据
2017-11-27 21:10:42,330 [1] INFO  - 开始获取客户端tb_studentexam数据
2017-11-27 21:10:42,487 [1] INFO  - 成功获取客户端tb_studentexam数据0条
2017-11-27 21:10:42,596 [1] INFO  - 开始更新服务器tb_studentexam数据
2017-11-27 21:10:43,721 [1] ERROR - 上传数据出错
MySql.Data.MySqlClient.MySqlException: Unable to connect to any of the specified MySQL hosts. ---> System.Exception: 引发类型为“System.Exception”的异常。
   在 MySql.Data.MySqlClient.NativeDriver.Open()
   --- 内部异常堆栈跟踪的结尾 ---
   在 MySql.Data.MySqlClient.NativeDriver.Open()
   在 MySql.Data.MySqlClient.Driver.Create(MySqlConnectionStringBuilder settings)
   在 MySql.Data.MySqlClient.MySqlPool.GetPooledConnection()
   在 MySql.Data.MySqlClient.MySqlPool.GetConnection()
   在 MySql.Data.MySqlClient.MySqlConnection.Open()
   在 Com.cn.DB.DBMySql.Update(String sql) 位置 D:\BaiduNetdiskDownload\HRTJ\HRTJ\DB\DBMySql.cs:行号 64
   在 Com.cn.MySqlData.DealMySql.UpdateStudentexamData(tb_studentexamDataTable table, tb_studentexamDataTable tableAccessServer) 位置 D:\BaiduNetdiskDownload\HRTJ\HRTJ\Com.cn.MySqlData\DealMySql.cs:行号 113
   在 Com.cn.SncData.SncData.UpStudentexamData() 位置 D:\BaiduNetdiskDownload\HRTJ\HRTJ\SncHRWJData\SncData.cs:行号 82
   在 HRTJ.TJXX.sncData() 位置 D:\BaiduNetdiskDownload\HRTJ\HRTJ\HRTJ\TJXX.cs:行号 195
2017-11-27 21:16:52,151 [1] INFO  - 开始更新客户端数据
2017-11-27 21:16:52,190 [1] INFO  - 开始同步tb_config数据
2017-11-27 21:16:52,194 [1] INFO  - 开始获取服务器tb_config数据
2017-11-27 21:16:52,340 [1] INFO  - 获取tb_config服务器数据4条
2017-11-27 21:16:52,487 [1] INFO  - 同步tb_config数据0条
2017-11-27 21:16:52,489 [1] INFO  - 开始同步tb_office数据
2017-11-27 21:16:52,492 [1] INFO  - 开始获取服务器tb_office数据
2017-11-27 21:16:52,502 [1] INFO  - 获取tb_office服务器数据8条
2017-11-27 21:16:52,602 [1] INFO  - 同步tb_office数据0条
2017-11-27 21:16:52,604 [1] INFO  - 开始同步tb_user数据
2017-11-27 21:16:52,606 [1] INFO  - 开始获取服务器tb_user数据
2017-11-27 21:16:52,613 [1] INFO  - 获取tb_user服务器数据13条
2017-11-27 21:16:52,825 [1] INFO  - 同步tb_user数据3条
2017-11-27 21:16:52,825 [1] INFO  - 成功更新客户端数据
2017-11-27 21:17:02,014 [1] INFO  - 开始上传tb_studentexam数据
2017-11-27 21:17:02,014 [1] INFO  - 开始获取客户端tb_studentexam数据
2017-11-27 21:17:02,054 [1] INFO  - 成功获取客户端tb_studentexam数据0条
2017-11-27 21:17:02,135 [1] INFO  - 开始更新服务器tb_studentexam数据
2017-11-27 21:17:07,813 [1] INFO  - 成功更新服务器tb_studentexam数据0条。
2017-11-27 21:17:07,813 [1] INFO  - 成功上传tb_studentexam数据0条
2017-11-27 21:17:07,814 [1] INFO  - 开始下载tb_studentexam数据
2017-11-27 21:17:07,815 [1] INFO  - 开始获取服务器tb_studentexam数据
2017-11-27 21:17:09,939 [1] INFO  - 获取tb_studentexam服务器数据26734条
2017-11-27 21:18:58,959 [1] INFO  - 成功下载tb_studentexam数据26734条
2017-11-27 21:24:01,202 [1] INFO  - 开始更新客户端数据
2017-11-27 21:24:01,244 [1] INFO  - 开始同步tb_config数据
2017-11-27 21:24:01,248 [1] INFO  - 开始获取服务器tb_config数据
2017-11-27 21:24:01,405 [1] INFO  - 获取tb_config服务器数据4条
2017-11-27 21:24:01,515 [1] INFO  - 同步tb_config数据0条
2017-11-27 21:24:01,516 [1] INFO  - 开始同步tb_office数据
2017-11-27 21:24:01,517 [1] INFO  - 开始获取服务器tb_office数据
2017-11-27 21:24:01,522 [1] INFO  - 获取tb_office服务器数据8条
2017-11-27 21:24:01,602 [1] INFO  - 同步tb_office数据0条
2017-11-27 21:24:01,604 [1] INFO  - 开始同步tb_user数据
2017-11-27 21:24:01,605 [1] INFO  - 开始获取服务器tb_user数据
2017-11-27 21:24:01,610 [1] INFO  - 获取tb_user服务器数据13条
2017-11-27 21:24:01,818 [1] INFO  - 同步tb_user数据3条
2017-11-27 21:24:01,818 [1] INFO  - 成功更新客户端数据
2017-11-27 21:25:04,930 [1] INFO  - 开始上传tb_studentexam数据
2017-11-27 21:25:04,930 [1] INFO  - 开始获取客户端tb_studentexam数据
2017-11-27 21:25:05,008 [1] INFO  - 成功获取客户端tb_studentexam数据0条
2017-11-27 21:25:05,101 [1] INFO  - 开始更新服务器tb_studentexam数据
2017-11-27 21:25:09,992 [1] INFO  - 成功更新服务器tb_studentexam数据0条。
2017-11-27 21:25:09,992 [1] INFO  - 成功上传tb_studentexam数据0条
2017-11-27 21:25:09,992 [1] INFO  - 开始下载tb_studentexam数据
2017-11-27 21:25:10,008 [1] INFO  - 开始获取服务器tb_studentexam数据
2017-11-27 21:25:11,898 [1] INFO  - 获取tb_studentexam服务器数据26734条
2017-11-27 21:26:30,506 [1] INFO  - 成功下载tb_studentexam数据26734条
2017-11-27 21:33:46,860 [1] INFO  - 开始更新客户端数据
2017-11-27 21:33:46,898 [1] INFO  - 开始同步tb_config数据
2017-11-27 21:33:46,900 [1] INFO  - 开始获取服务器tb_config数据
2017-11-27 21:33:47,040 [1] INFO  - 获取tb_config服务器数据4条
2017-11-27 21:33:47,154 [1] INFO  - 同步tb_config数据0条
2017-11-27 21:33:47,156 [1] INFO  - 开始同步tb_office数据
2017-11-27 21:33:47,157 [1] INFO  - 开始获取服务器tb_office数据
2017-11-27 21:33:47,163 [1] INFO  - 获取tb_office服务器数据8条
2017-11-27 21:33:47,241 [1] INFO  - 同步tb_office数据0条
2017-11-27 21:33:47,243 [1] INFO  - 开始同步tb_user数据
2017-11-27 21:33:47,245 [1] INFO  - 开始获取服务器tb_user数据
2017-11-27 21:33:47,254 [1] INFO  - 获取tb_user服务器数据13条
2017-11-27 21:33:47,486 [1] INFO  - 同步tb_user数据3条
2017-11-27 21:33:47,486 [1] INFO  - 成功更新客户端数据
2017-11-27 21:34:01,182 [1] INFO  - 开始上传tb_studentexam数据
2017-11-27 21:34:01,183 [1] INFO  - 开始获取客户端tb_studentexam数据
2017-11-27 21:34:01,223 [1] INFO  - 成功获取客户端tb_studentexam数据0条
2017-11-27 21:34:01,295 [1] INFO  - 开始更新服务器tb_studentexam数据
2017-11-27 21:34:06,372 [1] INFO  - 成功更新服务器tb_studentexam数据0条。
2017-11-27 21:34:06,372 [1] INFO  - 成功上传tb_studentexam数据0条
2017-11-27 21:34:06,373 [1] INFO  - 开始下载tb_studentexam数据
2017-11-27 21:34:06,374 [1] INFO  - 开始获取服务器tb_studentexam数据
2017-11-27 21:34:08,703 [1] INFO  - 获取tb_studentexam服务器数据26734条
2017-11-27 21:35:12,413 [1] INFO  - 开始更新客户端数据
2017-11-27 21:35:12,457 [1] INFO  - 开始同步tb_config数据
2017-11-27 21:35:12,460 [1] INFO  - 开始获取服务器tb_config数据
2017-11-27 21:35:12,605 [1] INFO  - 获取tb_config服务器数据4条
2017-11-27 21:35:12,707 [1] INFO  - 同步tb_config数据0条
2017-11-27 21:35:12,709 [1] INFO  - 开始同步tb_office数据
2017-11-27 21:35:12,711 [1] INFO  - 开始获取服务器tb_office数据
2017-11-27 21:35:12,716 [1] INFO  - 获取tb_office服务器数据8条
2017-11-27 21:35:12,793 [1] INFO  - 同步tb_office数据0条
2017-11-27 21:35:12,795 [1] INFO  - 开始同步tb_user数据
2017-11-27 21:35:12,797 [1] INFO  - 开始获取服务器tb_user数据
2017-11-27 21:35:12,803 [1] INFO  - 获取tb_user服务器数据13条
2017-11-27 21:35:13,031 [1] INFO  - 同步tb_user数据3条
2017-11-27 21:35:13,031 [1] INFO  - 成功更新客户端数据
2017-11-27 21:35:15,467 [1] INFO  - 开始上传tb_studentexam数据
2017-11-27 21:35:15,467 [1] INFO  - 开始获取客户端tb_studentexam数据
2017-11-27 21:35:15,511 [1] INFO  - 成功获取客户端tb_studentexam数据0条
2017-11-27 21:35:15,571 [1] INFO  - 开始更新服务器tb_studentexam数据
2017-11-27 21:35:20,942 [1] INFO  - 成功更新服务器tb_studentexam数据0条。
2017-11-27 21:35:20,942 [1] INFO  - 成功上传tb_studentexam数据0条
2017-11-27 21:35:20,943 [1] INFO  - 开始下载tb_studentexam数据
2017-11-27 21:35:20,944 [1] INFO  - 开始获取服务器tb_studentexam数据
2017-11-27 21:35:23,025 [1] INFO  - 获取tb_studentexam服务器数据26734条
2017-11-27 21:36:46,881 [1] INFO  - 成功下载tb_studentexam数据26734条
